<?xml version="1.0" encoding="UTF-8"?>
<!-- Generated by org.testng.reporters.JUnitReportReporter -->
<testsuite hostname="user-pc" failures="0" tests="1" name="AmazonTest.AmazonTestCase" time="9.786" errors="0" timestamp="2022-05-04T14:06:33 IST" skipped="0">
  <testcase classname="AmazonTest.AmazonTestCase" name="Tc001" time="9.786"/>
  <system-out/>
</testsuite> <!-- AmazonTest.AmazonTestCase -->
